As this script runs, it will print status updates and key analysis points to the console as well as save them in a log file called BiologyFinder_results.log for future reference. 

This run of BiologyFinder will identify biologists who do work similar to carolyn g rasmussen and provide a recommended reading list for papers relevant to carolyn g rasmussen's subfield.
 
The BiologyFinder analysis will be based on the following papers: 

1. Predicting Division Planes of Three-Dimensional Cells by Soap-Film Minimization. ['Martinez P', 'Allsman LA', 'Brakke KA', 'Hoyt C', 'Hayes J', 'Liang H', 'Neher W', 'Rui Y', 'Roberts AM', 'Moradifam A', 'Goldstein B', 'Anderson CT', 'Rasmussen CG']. The Plant cell. 2018 Oct. (30150312)
2. Division Plane Orientation Defects Revealed by a Synthetic Double Mutant Phenotype. ['Mir R', 'Morris VH', 'Buschmann H', 'Rasmussen CG']. Plant physiology. 2018 Jan. (29146775)
3. Proper division plane orientation and mitotic progression together allow normal growth of maize. ['Martinez P', 'Luo A', 'Sylvester A', 'Rasmussen CG']. Proceedings of the National Academy of Sciences of the United States of America. 2017 Mar 7. (28202734)
Getting the authors of paper 11732054.
Getting the authors of paper 30150312.
Getting the authors of paper 20596025.
Getting the authors of paper 30804009.
Getting the authors of paper 16377747.
Getting the authors of paper 21383128.
Getting the authors of paper 12711226.
Getting the authors of paper 21346731.
Getting the authors of paper 19825595.
Getting the authors of paper 25908862.
Getting the authors of paper 16179950.
Getting the authors of paper 26659965.
Getting the authors of paper 24740969.
Getting the authors of paper 23299369.
Getting the authors of paper 18583534.
Getting the authors of paper 29763857.
Getting the authors of paper 20663817.
Getting the authors of paper 26735065.
Getting the authors of paper 30150310.
Getting the authors of paper 16682350.
Getting the authors of paper 25989832.
Getting the authors of paper 16261190.
Getting the authors of paper 9013934.
Getting the authors of paper 19638477.
Getting the authors of paper 24912195.
Getting the authors of paper 25646318.
Getting the authors of paper 28285992.
Getting the authors of paper 26485667.
Getting the authors of paper 17027491.
Getting the authors of paper 3867671.
Getting the authors of paper 15879559.
Getting the authors of paper 19268593.
Getting the authors of paper 23551516.
Getting the authors of paper 19523675.
Getting the authors of paper 27997824.
Getting the authors of paper 23531846.
Getting the authors of paper 17684564.
Getting the authors of paper 24684831.
Getting the authors of paper 22329999.
Getting the authors of paper 27095491.
Getting the authors of paper 28202734.
Getting the authors of paper 15509858.
Getting the authors of paper 24656334.
Getting the authors of paper 23769888.
Getting the authors of paper 27889635.
Getting the authors of paper 24240534.
Getting the authors of paper 24258577.
Getting the authors of paper 22383847.
Getting the authors of paper 12000456.
Getting the authors of paper 10737809.
Getting the authors of paper 16333576.
Getting the authors of paper 17964159.
Getting the authors of paper 16278345.
Getting the authors of paper 10080694.
Getting the authors of paper 20976043.
Getting the authors of paper 30281798.
Getting the authors of paper 7664733.
Getting the authors of paper 11385579.
Getting the authors of paper 28408602.
Getting the authors of paper 19346324.
Getting the authors of paper 24972597.
Getting the authors of paper 18003929.
Getting the authors of paper 8625799.
Getting the authors of paper 30448943.
Getting the authors of paper 30002118.
Getting the authors of paper 29348144.
Getting the authors of paper 19704687.
Getting the authors of paper 11123800.
Getting the authors of paper 9811795.
Getting the authors of paper 25415978.
Getting the authors of paper 26945038.
Getting the authors of paper 12970569.
Getting the authors of paper 29317523.
Getting the authors of paper 28399805.
Getting the authors of paper 10679454.
Getting the authors of paper 24408367.
Getting the authors of paper 27475487.
Getting the authors of paper 15324671.
Getting the authors of paper 12586874.
Getting the authors of paper 25346746.
Getting the authors of paper 18932023.
Getting the authors of paper 2391003.
Getting the authors of paper 23044038.
Getting the authors of paper 12782733.
Getting the authors of paper 27426272.
Getting the authors of paper 27501519.
Getting the authors of paper 18757558.
Getting the authors of paper 29394250.
Getting the authors of paper 19154365.
Getting the authors of paper 29462151.
Getting the authors of paper 25303534.
Getting the authors of paper 30987599.
Getting the authors of paper 22190487.
Getting the authors of paper 29146775.
Getting the authors of paper 19201915.
Getting the authors of paper 24026117.
Getting the authors of paper 22045917.
Getting the authors of paper 10069079.
Getting the authors of paper 15862097.
Getting the authors of paper 28369169.
Getting the authors of paper 18042620.
Getting the authors of paper 19531350.
Getting the authors of paper 17488810.
Getting the authors of paper 12805636.
Getting the authors of paper 11115865.
Getting the authors of paper 22645544.
Getting the authors of paper 20689588.
Getting the authors of paper 12000963.
Getting the authors of paper 5929804.
Getting the authors of paper 21172800.
Getting the authors of paper 11971138.
Getting the authors of paper 19850508.
Getting the authors of paper 22395485.
Getting the authors of paper 11738380.
Getting the authors of paper 10406715.
Getting the authors of paper 20133808.
Getting the authors of paper 27436908.
Getting the authors of paper 17765597.
Getting the authors of paper 23770826.
Getting the authors of paper 21622382.
Getting the authors of paper 25247701.
Getting the authors of paper 24172707.
Getting the authors of paper 22079114.
Getting the authors of paper 2088734.
Getting the authors of paper 26635855.
Getting the authors of paper 26893344.
Getting the authors of paper 19168717.
Getting the authors of paper 11232561.
Getting the authors of paper 11149933.
Getting the authors of paper 25825722.
Getting the authors of paper 26832441.
Getting the authors of paper 26707611.
Getting the authors of paper 2324196.
Getting the authors of paper 25449723.
Getting the authors of paper 19144522.
Getting the authors of paper 24166436.
Getting the authors of paper 21680355.
Getting the authors of paper 21391814.
Getting the authors of paper 19378001.
Getting the authors of paper 26051555.
Getting the authors of paper 27930326.
Getting the authors of paper 21295702.
Getting the authors of paper 27624830.
Getting the authors of paper 22743772.
Getting the authors of paper 24825294.
Getting the authors of paper 28596780.
Getting the authors of paper 12354954.
Getting the authors of paper 26886796.
Getting the authors of paper 23496276.
Getting the authors of paper 21970704.
Getting the authors of paper 11598229.
Getting the authors of paper 26019693.
Getting the authors of paper 20067996.
Getting the authors of paper 29701870.
Getting the authors of paper 11044722.
Getting the authors of paper 21873296.
Getting the authors of paper 7744956.
Getting the authors of paper 28943203.
Getting the authors of paper 11003843.
Getting the authors of paper 15155883.
Getting the authors of paper 9657151.
Getting the authors of paper 23673648.
Getting the authors of paper 15470418.
Getting the authors of paper 30742612.
Getting the authors of paper 22301654.
Getting the authors of paper 24616724.
Getting the authors of paper 22321291.
The master list contains 237 biologists.
Looking up papers authored by Abrash, Emily B.
Looking up papers authored by Ambrose, Jn.
Looking up papers authored by Anderson, Charles T.
Looking up papers authored by Andrey, Philippe.
Looking up papers authored by Arganda-Carreras, Ignacio.
Looking up papers authored by Asada, Tetsuhiro.
Looking up papers authored by Azimzadeh, Juliette.
Looking up papers authored by Barton, Mn.
Looking up papers authored by Baskin, TI.
Looking up papers authored by Bassel, George W.
Looking up papers authored by Bassham, Diane C.
Looking up papers authored by Beauzamy, Lena.
Looking up papers authored by Becraft, PW.
Looking up papers authored by Beeckman, Tom.
Looking up papers authored by Beemster, Gerrit T S.
Looking up papers authored by Bellaiche, Yohanns.
Looking up papers authored by Bellinger, Marschal.
Looking up papers authored by Benfey, Philip N.
Looking up papers authored by Bent, AF.
Looking up papers authored by Bergmann, Dominique C.
Looking up papers authored by Besson, Sebastien.
Looking up papers authored by Bezanilla, Magdalena.
Looking up papers authored by Blesch, Armin.
Looking up papers authored by Bornens, Michel.
Looking up papers authored by Boruc, Joanna.
Looking up papers authored by Bosveld, Floris.
Looking up papers authored by Bouchez, David.
Looking up papers authored by Boudaoud, Arezki.
Looking up papers authored by Brady, Siobhan M.
Looking up papers authored by Braybrook, Siobhan A.
Looking up papers authored by Bringmann, Martin.
Looking up papers authored by Brunkard, Jacob O.
Looking up papers authored by Buer, Charles S.
Looking up papers authored by Buschmann, Henrik.
Looking up papers authored by Camilleri, Christine.
Looking up papers authored by Cardona, Albert.
Looking up papers authored by Carpita, NC.
Looking up papers authored by Carthew, Richard W.
Looking up papers authored by Chakrabortty, Bandan.
Looking up papers authored by Chan, Jordi.
Looking up papers authored by Cleary, AL.
Looking up papers authored by Clough, SJ.
Looking up papers authored by Cosgrove, Daniel J.
Looking up papers authored by Costa, Silvia.
Looking up papers authored by Cutler, SR.
Looking up papers authored by Cyr, Richard.
Looking up papers authored by De Smet, Ive.
Looking up papers authored by Dixit, Ram.
Looking up papers authored by Dong, Juan.
Looking up papers authored by Dumais, Jacques.
Looking up papers authored by Dupuy, Lionel.
Looking up papers authored by Edgar, BA.
Looking up papers authored by Egger, Rachel L.
Looking up papers authored by Facette, Michelle R.
Looking up papers authored by Fearon, Eric R.
Looking up papers authored by Feng, Ying.
Looking up papers authored by Ferreira, P.
Looking up papers authored by Fisher, Adam P.
Looking up papers authored by Flanders, DJ.
Looking up papers authored by Fowke, LC.
Looking up papers authored by Freeling, M.
Looking up papers authored by Fukuda, Hiroo.
Looking up papers authored by Fuller, Margaret T.
Looking up papers authored by Furutani, I.
Looking up papers authored by Galletti, Roberta.
Looking up papers authored by Galva, Charitha.
Looking up papers authored by Geelen, Danny.
Looking up papers authored by Gerien, Kenneth S.
Looking up papers authored by Gibson, Matthew C.
Looking up papers authored by Gibson, William T.
Looking up papers authored by Goldstein, Bob.
Looking up papers authored by Graner, Francois.
Looking up papers authored by Grebe, Markus.
Looking up papers authored by Green, PB.
Looking up papers authored by Gu, Ying.
Looking up papers authored by Gunning, BES..
Looking up papers authored by Gunther, Manuel Ingo.
Looking up papers authored by Hamant, Olivier.
Looking up papers authored by Hammarton, Tansy C.
Looking up papers authored by Han, Soon-Ki.
Looking up papers authored by Hartman, Jh.
Looking up papers authored by Hartwell, L.
Looking up papers authored by Hasebe, Mitsuyasu.
Looking up papers authored by Haseloff, Jim.
Looking up papers authored by Hashimoto, Takashi.
Looking up papers authored by Hayashi, Takashi.
Looking up papers authored by Heisler, Marcus G.
Looking up papers authored by Hellens, R.
Looking up papers authored by Hemerly, A.
Looking up papers authored by Heppert, Jennifer K.
Looking up papers authored by Herrmann, Arvid.
Looking up papers authored by Hofte, Herman.
Looking up papers authored by Hughes, JE.
Looking up papers authored by Hulskamp, Martin.
Looking up papers authored by Hussey, Patrick J.
Looking up papers authored by Iida, Hiroyuki.
Looking up papers authored by Ingram, Gwyneth C.
Looking up papers authored by Inze, Dirk.
Looking up papers authored by Ishida, Takashi.
Looking up papers authored by Jackson, David.
Looking up papers authored by Jaquez-Gutierrez, Marybel.
Looking up papers authored by Jenik, Pablo D.
Looking up papers authored by Jonsson, Henrik.
Looking up papers authored by Jurgens, Gerd.
Looking up papers authored by Kafer, Jos.
Looking up papers authored by Kajala, Kaisa.
Looking up papers authored by Kawamura, Eiko.
Looking up papers authored by Kierzkowski, Daniel.
Looking up papers authored by Kirik, Angela.
Looking up papers authored by Kirik, Viktor.
Looking up papers authored by Kiss, John Z.
Looking up papers authored by Klee, H.
Looking up papers authored by Komaki, Shinichiro.
Looking up papers authored by Komis, George.
Looking up papers authored by Krupnova, Tamara.
Looking up papers authored by Landrein, Benoit.
Looking up papers authored by Lang Selker, JM.
Looking up papers authored by Lee, Yuh-Ru Julie.
Looking up papers authored by Levy, J.
Looking up papers authored by Li, Shundai.
Looking up papers authored by Lintilhac, PM.
Looking up papers authored by Lipka, Elisabeth.
Looking up papers authored by Liu, Bo.
Looking up papers authored by Lloyd, Clive W.
Looking up papers authored by Lockhart, Jennifer.
Looking up papers authored by Louveaux, Marion.
Looking up papers authored by Lynch, TM.
Looking up papers authored by Maizel, Alexis.
Looking up papers authored by Marcotrigiano, Michael.
Looking up papers authored by Marcus, AI.
Looking up papers authored by Martinez, Pablo.
Looking up papers authored by Masle, Josette.
Looking up papers authored by Masson, Patrick H.
Looking up papers authored by May, Sophie F.
Looking up papers authored by McCann, MC.
Looking up papers authored by McPeek, Mark A.
Looking up papers authored by Megason, Sean G.
Looking up papers authored by Menges, Margit.
Looking up papers authored by Meyerowitz, Elliot M.
Looking up papers authored by Migliaccio, F.
Looking up papers authored by Millar, Katherine D L.
Looking up papers authored by Minc, Nicolas.
Looking up papers authored by Mir, Ricardo.
Looking up papers authored by Mirabet, Vincent.
Looking up papers authored by Mohanty, Amitabh.
Looking up papers authored by Moreno, Vicente.
Looking up papers authored by Moukhtar, Julien.
Looking up papers authored by Mulder, Bela M.
Looking up papers authored by Muller, Sabine.
Looking up papers authored by Murata, Takashi.
Looking up papers authored by Murray, James A H.
Looking up papers authored by Nakamura, Masayoshi.
Looking up papers authored by Neufeld, TP.
Looking up papers authored by Neuteboom, LW.
Looking up papers authored by Northcote, DH.
Looking up papers authored by Paredez, Alexander R.
Looking up papers authored by Pastuglia, Martine.
Looking up papers authored by Peifer, Mark.
Looking up papers authored by Peterson, Kylee M.
Looking up papers authored by Pickett-Heaps, JD.
Looking up papers authored by Piconese, S.
Looking up papers authored by Piel, Matthieu.
Looking up papers authored by Pierre, Anaelle.
Looking up papers authored by Pietra, Stefano.
Looking up papers authored by Poulton, John S.
Looking up papers authored by Preibisch, Stephan.
Looking up papers authored by Provart, Nicholas J.
Looking up papers authored by Rasmussen, Carolyn G.
Looking up papers authored by Roy, Rahul.
Looking up papers authored by Rui, Yue.
Looking up papers authored by Russinova, Eugenia.
Looking up papers authored by Sablowski, Robert.
Looking up papers authored by Sack, FD.
Looking up papers authored by Sahlin, Patrik.
Looking up papers authored by Sakaguchi, Jun.
Looking up papers authored by Sakamoto, Wataru.
Looking up papers authored by Samaj, Jozef.
Looking up papers authored by Sammut, M..
Looking up papers authored by Sampathkumar, Arun.
Looking up papers authored by Schaefer, Didier G.
Looking up papers authored by Schaefer, Estelle.
Looking up papers authored by Schaffner, Anton R.
Looking up papers authored by Schindelin, Johannes.
Looking up papers authored by Schulz, Burkhard.
Looking up papers authored by Sebastian Seung, H.
Looking up papers authored by Sedbrook, John C.
Looking up papers authored by Serrano-Mislata, Antonio.
Looking up papers authored by Shao, Wanchen.
Looking up papers authored by Shapiro, Bruce E.
Looking up papers authored by Shen, Li.
Looking up papers authored by Smertenko, Andrei P.
Looking up papers authored by Smith, Laurie G.
Looking up papers authored by Smith, Richard S.
Looking up papers authored by Somerville, Chris R.
Looking up papers authored by Sozzani, Rosangela.
Looking up papers authored by Spinner, Lara.
Looking up papers authored by Stockle, Dorothee.
Looking up papers authored by Sugimoto, Keiko.
Looking up papers authored by Sylvester, AW.
Looking up papers authored by Szymanski, Dan.
Looking up papers authored by Takada, Shinobu.
Looking up papers authored by Thery, Manuel.
Looking up papers authored by Thitamadee, Siripong.
Looking up papers authored by Tomancak, Pavel.
Looking up papers authored by Torii, Keiko U.
Looking up papers authored by Van Damme, Daniel.
Looking up papers authored by Van Norman, Jaimie M.
Looking up papers authored by Vofely, Roza V.
Looking up papers authored by Voxeur, Aline.
Looking up papers authored by Wachsman, Guy.
Looking up papers authored by Wadsworth, Patricia.
Looking up papers authored by Walbot, Virginia.
Looking up papers authored by Walker, Keely L.
Looking up papers authored by Wang, H.
Looking up papers authored by Wasteneys, Geoffrey O.
Looking up papers authored by Weijers, Dolf.
Looking up papers authored by Weizbauer, Renate.
Looking up papers authored by Whittington, AT.
Looking up papers authored by Wick, SM.
Looking up papers authored by Willis, Lisa.
Looking up papers authored by Winter, Debbie.
Looking up papers authored by Wright, Amanda J.
Looking up papers authored by Wu, Jian-Qiu.
Looking up papers authored by Wu, Qingyu.
Looking up papers authored by Wu, Shu-Zon.
Looking up papers authored by Xiong, Fengzhu.
Looking up papers authored by Yamashita, Yukiko M.
Looking up papers authored by Yoshida, Saiko.
Looking up papers authored by Yuen, Christen Y L.
Looking up papers authored by Zambryski, Patricia C.
Looking up papers authored by Zarsky, Viktor.
Looking up papers authored by Zhang, Yanwen.
Looking up papers authored by Zhao, L.
Looking up papers authored by Zhu, Chuanmei.
Looking up papers authored by van Dop, Maritza.
Looking up papers authored by van der Zaal, BJ.
Looking up papers authored by von Wangenheim, Daniel.
The master list of biologists authored 12133 papers in the PubMed database.
Zero papers were retrieved for the following authors: ['Ambrose, Jn']
More than one paper was retrieved for the following authors: ['Abrash, Emily B', 'Anderson, Charles T', 'Andrey, Philippe', 'Arganda-Carreras, Ignacio', 'Asada, Tetsuhiro', 'Azimzadeh, Juliette', 'Barton, Mn', 'Baskin, TI', 'Bassel, George W', 'Bassham, Diane C', 'Beauzamy, Lena', 'Becraft, PW', 'Beeckman, Tom', 'Beemster, Gerrit T S', 'Bellaiche, Yohanns', 'Bellinger, Marschal', 'Benfey, Philip N', 'Bent, AF', 'Bergmann, Dominique C', 'Besson, Sebastien', 'Bezanilla, Magdalena', 'Blesch, Armin', 'Bornens, Michel', 'Boruc, Joanna', 'Bosveld, Floris', 'Bouchez, David', 'Boudaoud, Arezki', 'Brady, Siobhan M', 'Braybrook, Siobhan A', 'Bringmann, Martin', 'Brunkard, Jacob O', 'Buer, Charles S', 'Buschmann, Henrik', 'Camilleri, Christine', 'Cardona, Albert', 'Carpita, NC', 'Carthew, Richard W', 'Chakrabortty, Bandan', 'Chan, Jordi', 'Cleary, AL', 'Clough, SJ', 'Cosgrove, Daniel J', 'Costa, Silvia', 'Cutler, SR', 'Cyr, Richard', 'De Smet, Ive', 'Dixit, Ram', 'Dong, Juan', 'Dumais, Jacques', 'Dupuy, Lionel', 'Edgar, BA', 'Egger, Rachel L', 'Facette, Michelle R', 'Fearon, Eric R', 'Feng, Ying', 'Ferreira, P', 'Fisher, Adam P', 'Flanders, DJ', 'Fowke, LC', 'Freeling, M', 'Fukuda, Hiroo', 'Fuller, Margaret T', 'Furutani, I', 'Galletti, Roberta', 'Galva, Charitha', 'Geelen, Danny', 'Gerien, Kenneth S', 'Gibson, Matthew C', 'Gibson, William T', 'Goldstein, Bob', 'Graner, Francois', 'Grebe, Markus', 'Green, PB', 'Gu, Ying', 'Gunning, BES.', 'Gunther, Manuel Ingo', 'Hamant, Olivier', 'Hammarton, Tansy C', 'Han, Soon-Ki', 'Hartman, Jh', 'Hartwell, L', 'Hasebe, Mitsuyasu', 'Haseloff, Jim', 'Hashimoto, Takashi', 'Hayashi, Takashi', 'Heisler, Marcus G', 'Hellens, R', 'Hemerly, A', 'Heppert, Jennifer K', 'Herrmann, Arvid', 'Hofte, Herman', 'Hughes, JE', 'Hulskamp, Martin', 'Hussey, Patrick J', 'Iida, Hiroyuki', 'Ingram, Gwyneth C', 'Inze, Dirk', 'Ishida, Takashi', 'Jackson, David', 'Jaquez-Gutierrez, Marybel', 'Jenik, Pablo D', 'Jonsson, Henrik', 'Jurgens, Gerd', 'Kafer, Jos', 'Kajala, Kaisa', 'Kawamura, Eiko', 'Kierzkowski, Daniel', 'Kirik, Angela', 'Kirik, Viktor', 'Kiss, John Z', 'Klee, H', 'Komaki, Shinichiro', 'Komis, George', 'Krupnova, Tamara', 'Landrein, Benoit', 'Lang Selker, JM', 'Lee, Yuh-Ru Julie', 'Levy, J', 'Li, Shundai', 'Lintilhac, PM', 'Lipka, Elisabeth', 'Liu, Bo', 'Lloyd, Clive W', 'Lockhart, Jennifer', 'Louveaux, Marion', 'Lynch, TM', 'Maizel, Alexis', 'Marcotrigiano, Michael', 'Marcus, AI', 'Martinez, Pablo', 'Masle, Josette', 'Masson, Patrick H', 'May, Sophie F', 'McCann, MC', 'McPeek, Mark A', 'Megason, Sean G', 'Menges, Margit', 'Meyerowitz, Elliot M', 'Migliaccio, F', 'Millar, Katherine D L', 'Minc, Nicolas', 'Mir, Ricardo', 'Mirabet, Vincent', 'Mohanty, Amitabh', 'Moreno, Vicente', 'Moukhtar, Julien', 'Mulder, Bela M', 'Muller, Sabine', 'Murata, Takashi', 'Murray, James A H', 'Nakamura, Masayoshi', 'Neufeld, TP', 'Neuteboom, LW', 'Northcote, DH', 'Paredez, Alexander R', 'Pastuglia, Martine', 'Peifer, Mark', 'Peterson, Kylee M', 'Pickett-Heaps, JD', 'Piconese, S', 'Piel, Matthieu', 'Pierre, Anaelle', 'Pietra, Stefano', 'Poulton, John S', 'Preibisch, Stephan', 'Provart, Nicholas J', 'Rasmussen, Carolyn G', 'Roy, Rahul', 'Rui, Yue', 'Russinova, Eugenia', 'Sablowski, Robert', 'Sack, FD', 'Sahlin, Patrik', 'Sakaguchi, Jun', 'Sakamoto, Wataru', 'Samaj, Jozef', 'Sammut, M.', 'Sampathkumar, Arun', 'Schaefer, Didier G', 'Schaefer, Estelle', 'Schaffner, Anton R', 'Schindelin, Johannes', 'Schulz, Burkhard', 'Sebastian Seung, H', 'Sedbrook, John C', 'Serrano-Mislata, Antonio', 'Shao, Wanchen', 'Shapiro, Bruce E', 'Shen, Li', 'Smertenko, Andrei P', 'Smith, Laurie G', 'Smith, Richard S', 'Somerville, Chris R', 'Sozzani, Rosangela', 'Spinner, Lara', 'Stockle, Dorothee', 'Sugimoto, Keiko', 'Sylvester, AW', 'Szymanski, Dan', 'Takada, Shinobu', 'Thery, Manuel', 'Thitamadee, Siripong', 'Tomancak, Pavel', 'Torii, Keiko U', 'Van Damme, Daniel', 'Van Norman, Jaimie M', 'Vofely, Roza V', 'Voxeur, Aline', 'Wachsman, Guy', 'Wadsworth, Patricia', 'Walbot, Virginia', 'Walker, Keely L', 'Wang, H', 'Wasteneys, Geoffrey O', 'Weijers, Dolf', 'Weizbauer, Renate', 'Whittington, AT', 'Wick, SM', 'Willis, Lisa', 'Winter, Debbie', 'Wright, Amanda J', 'Wu, Jian-Qiu', 'Wu, Qingyu', 'Wu, Shu-Zon', 'Xiong, Fengzhu', 'Yamashita, Yukiko M', 'Yoshida, Saiko', 'Yuen, Christen Y L', 'Zambryski, Patricia C', 'Zarsky, Viktor', 'Zhang, Yanwen', 'Zhao, L', 'Zhu, Chuanmei', 'van Dop, Maritza', 'van der Zaal, BJ', 'von Wangenheim, Daniel']
Looking up papers cited by Abrash, Emily B.
Looking up papers cited by Ambrose, Jn.
Looking up papers cited by Anderson, Charles T.
Looking up papers cited by Andrey, Philippe.
Looking up papers cited by Arganda-Carreras, Ignacio.
Looking up papers cited by Asada, Tetsuhiro.
Looking up papers cited by Azimzadeh, Juliette.
Looking up papers cited by Barton, Mn.
No references found
Looking up papers cited by Baskin, TI.
Looking up papers cited by Bassel, George W.
Looking up papers cited by Bassham, Diane C.
Looking up papers cited by Beauzamy, Lena.
Looking up papers cited by Becraft, PW.
Looking up papers cited by Beeckman, Tom.
Looking up papers cited by Beemster, Gerrit T S.
Looking up papers cited by Bellaiche, Yohanns.
Looking up papers cited by Bellinger, Marschal.
Looking up papers cited by Benfey, Philip N.
Looking up papers cited by Bent, AF.
Looking up papers cited by Bergmann, Dominique C.
Looking up papers cited by Besson, Sebastien.
Looking up papers cited by Bezanilla, Magdalena.
Looking up papers cited by Blesch, Armin.
Looking up papers cited by Bornens, Michel.
Looking up papers cited by Boruc, Joanna.
Looking up papers cited by Bosveld, Floris.
Looking up papers cited by Bouchez, David.
Looking up papers cited by Boudaoud, Arezki.
Looking up papers cited by Brady, Siobhan M.
Looking up papers cited by Braybrook, Siobhan A.
Looking up papers cited by Bringmann, Martin.
Looking up papers cited by Brunkard, Jacob O.
Looking up papers cited by Buer, Charles S.
Looking up papers cited by Buschmann, Henrik.
Looking up papers cited by Camilleri, Christine.
Looking up papers cited by Cardona, Albert.
Looking up papers cited by Carpita, NC.
Looking up papers cited by Carthew, Richard W.
Looking up papers cited by Chakrabortty, Bandan.
Looking up papers cited by Chan, Jordi.
Looking up papers cited by Cleary, AL.
Looking up papers cited by Clough, SJ.
Looking up papers cited by Cosgrove, Daniel J.
Looking up papers cited by Costa, Silvia.
Looking up papers cited by Cutler, SR.
Looking up papers cited by Cyr, Richard.
Looking up papers cited by De Smet, Ive.
Looking up papers cited by Dixit, Ram.
Looking up papers cited by Dong, Juan.
Looking up papers cited by Dumais, Jacques.
Looking up papers cited by Dupuy, Lionel.
Looking up papers cited by Edgar, BA.
Looking up papers cited by Egger, Rachel L.
Looking up papers cited by Facette, Michelle R.
Looking up papers cited by Fearon, Eric R.
Looking up papers cited by Feng, Ying.
Looking up papers cited by Ferreira, P.
Looking up papers cited by Fisher, Adam P.
Looking up papers cited by Flanders, DJ.
Looking up papers cited by Fowke, LC.
Looking up papers cited by Freeling, M.
Looking up papers cited by Fukuda, Hiroo.
Looking up papers cited by Fuller, Margaret T.
Looking up papers cited by Furutani, I.
Looking up papers cited by Galletti, Roberta.
Looking up papers cited by Galva, Charitha.
Looking up papers cited by Geelen, Danny.
Looking up papers cited by Gerien, Kenneth S.
Looking up papers cited by Gibson, Matthew C.
Looking up papers cited by Gibson, William T.
Looking up papers cited by Goldstein, Bob.
Looking up papers cited by Graner, Francois.
Looking up papers cited by Grebe, Markus.
Looking up papers cited by Green, PB.
Looking up papers cited by Gu, Ying.
Looking up papers cited by Gunning, BES..
Looking up papers cited by Gunther, Manuel Ingo.
No references found
Looking up papers cited by Hamant, Olivier.
Looking up papers cited by Hammarton, Tansy C.
Looking up papers cited by Han, Soon-Ki.
Looking up papers cited by Hartman, Jh.
Looking up papers cited by Hartwell, L.
Looking up papers cited by Hasebe, Mitsuyasu.
Looking up papers cited by Haseloff, Jim.
Looking up papers cited by Hashimoto, Takashi.
Looking up papers cited by Hayashi, Takashi.
Looking up papers cited by Heisler, Marcus G.
Looking up papers cited by Hellens, R.
Looking up papers cited by Hemerly, A.
Looking up papers cited by Heppert, Jennifer K.
Looking up papers cited by Herrmann, Arvid.
Looking up papers cited by Hofte, Herman.
Looking up papers cited by Hughes, JE.
Looking up papers cited by Hulskamp, Martin.
Looking up papers cited by Hussey, Patrick J.
Looking up papers cited by Iida, Hiroyuki.
Looking up papers cited by Ingram, Gwyneth C.
Looking up papers cited by Inze, Dirk.
Looking up papers cited by Ishida, Takashi.
Looking up papers cited by Jackson, David.
Looking up papers cited by Jaquez-Gutierrez, Marybel.
Looking up papers cited by Jenik, Pablo D.
Looking up papers cited by Jonsson, Henrik.
Looking up papers cited by Jurgens, Gerd.
Looking up papers cited by Kafer, Jos.
Looking up papers cited by Kajala, Kaisa.
Looking up papers cited by Kawamura, Eiko.
Looking up papers cited by Kierzkowski, Daniel.
Looking up papers cited by Kirik, Angela.
Looking up papers cited by Kirik, Viktor.
Looking up papers cited by Kiss, John Z.
Looking up papers cited by Klee, H.
Looking up papers cited by Komaki, Shinichiro.
Looking up papers cited by Komis, George.
Looking up papers cited by Krupnova, Tamara.
No references found
Looking up papers cited by Landrein, Benoit.
Looking up papers cited by Lang Selker, JM.
Looking up papers cited by Lee, Yuh-Ru Julie.
Looking up papers cited by Levy, J.
Looking up papers cited by Li, Shundai.
Looking up papers cited by Lintilhac, PM.
Looking up papers cited by Lipka, Elisabeth.
Looking up papers cited by Liu, Bo.
Looking up papers cited by Lloyd, Clive W.
Looking up papers cited by Lockhart, Jennifer.
Looking up papers cited by Louveaux, Marion.
Looking up papers cited by Lynch, TM.
Looking up papers cited by Maizel, Alexis.
Looking up papers cited by Marcotrigiano, Michael.
Looking up papers cited by Marcus, AI.
Looking up papers cited by Martinez, Pablo.
Looking up papers cited by Masle, Josette.
Looking up papers cited by Masson, Patrick H.
Looking up papers cited by May, Sophie F.
Looking up papers cited by McCann, MC.
Looking up papers cited by McPeek, Mark A.
Looking up papers cited by Megason, Sean G.
Looking up papers cited by Menges, Margit.
Looking up papers cited by Meyerowitz, Elliot M.
Looking up papers cited by Migliaccio, F.
Looking up papers cited by Millar, Katherine D L.
Looking up papers cited by Minc, Nicolas.
Looking up papers cited by Mir, Ricardo.
Looking up papers cited by Mirabet, Vincent.
Looking up papers cited by Mohanty, Amitabh.
Looking up papers cited by Moreno, Vicente.
Looking up papers cited by Moukhtar, Julien.
Looking up papers cited by Mulder, Bela M.
Looking up papers cited by Muller, Sabine.
Looking up papers cited by Murata, Takashi.
Looking up papers cited by Murray, James A H.
Looking up papers cited by Nakamura, Masayoshi.
Looking up papers cited by Neufeld, TP.
Looking up papers cited by Neuteboom, LW.
Looking up papers cited by Northcote, DH.
Looking up papers cited by Paredez, Alexander R.
Looking up papers cited by Pastuglia, Martine.
Looking up papers cited by Peifer, Mark.
Looking up papers cited by Peterson, Kylee M.
Looking up papers cited by Pickett-Heaps, JD.
Looking up papers cited by Piconese, S.
Looking up papers cited by Piel, Matthieu.
Looking up papers cited by Pierre, Anaelle.
Looking up papers cited by Pietra, Stefano.
Looking up papers cited by Poulton, John S.
Looking up papers cited by Preibisch, Stephan.
Looking up papers cited by Provart, Nicholas J.
Looking up papers cited by Rasmussen, Carolyn G.
Looking up papers cited by Roy, Rahul.
Looking up papers cited by Rui, Yue.
Looking up papers cited by Russinova, Eugenia.
Looking up papers cited by Sablowski, Robert.
Looking up papers cited by Sack, FD.
Looking up papers cited by Sahlin, Patrik.
Looking up papers cited by Sakaguchi, Jun.
Looking up papers cited by Sakamoto, Wataru.
Looking up papers cited by Samaj, Jozef.
Looking up papers cited by Sammut, M..
Looking up papers cited by Sampathkumar, Arun.
Looking up papers cited by Schaefer, Didier G.
Looking up papers cited by Schaefer, Estelle.
Looking up papers cited by Schaffner, Anton R.
Looking up papers cited by Schindelin, Johannes.
Looking up papers cited by Schulz, Burkhard.
Looking up papers cited by Sebastian Seung, H.
No references found
Looking up papers cited by Sedbrook, John C.
Looking up papers cited by Serrano-Mislata, Antonio.
Looking up papers cited by Shao, Wanchen.
Looking up papers cited by Shapiro, Bruce E.
Looking up papers cited by Shen, Li.
Looking up papers cited by Smertenko, Andrei P.
Looking up papers cited by Smith, Laurie G.
Looking up papers cited by Smith, Richard S.
Looking up papers cited by Somerville, Chris R.
Looking up papers cited by Sozzani, Rosangela.
Looking up papers cited by Spinner, Lara.
Looking up papers cited by Stockle, Dorothee.
Looking up papers cited by Sugimoto, Keiko.
Looking up papers cited by Sylvester, AW.
Looking up papers cited by Szymanski, Dan.
Looking up papers cited by Takada, Shinobu.
Looking up papers cited by Thery, Manuel.
Looking up papers cited by Thitamadee, Siripong.
Looking up papers cited by Tomancak, Pavel.
Looking up papers cited by Torii, Keiko U.
Looking up papers cited by Van Damme, Daniel.
Looking up papers cited by Van Norman, Jaimie M.
Looking up papers cited by Vofely, Roza V.
Looking up papers cited by Voxeur, Aline.
Looking up papers cited by Wachsman, Guy.
Looking up papers cited by Wadsworth, Patricia.
Looking up papers cited by Walbot, Virginia.
Looking up papers cited by Walker, Keely L.
Looking up papers cited by Wang, H.
Looking up papers cited by Wasteneys, Geoffrey O.
Looking up papers cited by Weijers, Dolf.
Looking up papers cited by Weizbauer, Renate.
Looking up papers cited by Whittington, AT.
Looking up papers cited by Wick, SM.
Looking up papers cited by Willis, Lisa.
Looking up papers cited by Winter, Debbie.
Looking up papers cited by Wright, Amanda J.
Looking up papers cited by Wu, Jian-Qiu.
Looking up papers cited by Wu, Qingyu.
Looking up papers cited by Wu, Shu-Zon.
Looking up papers cited by Xiong, Fengzhu.
Looking up papers cited by Yamashita, Yukiko M.
Looking up papers cited by Yoshida, Saiko.
Looking up papers cited by Yuen, Christen Y L.
Looking up papers cited by Zambryski, Patricia C.
Looking up papers cited by Zarsky, Viktor.
Looking up papers cited by Zhang, Yanwen.
Looking up papers cited by Zhao, L.
Looking up papers cited by Zhu, Chuanmei.
Looking up papers cited by van Dop, Maritza.
Looking up papers cited by van der Zaal, BJ.
Looking up papers cited by von Wangenheim, Daniel.
The paper features list contains 136641 papers. 

Creating binary feature vectors for each biologist.
Creating a dataframe to hold the biologist feature vectors.
Dataframe has 238 rows and 136641 columns
Creating a dataframe to hold similarity scores of each biologist.
Biologists with the highest similarity scores: 

640 papers were cited at least once by 10% (5) of the most similar biologists.
197 papers were cited at least once by 20% (9) of the most similar biologists.
78 papers were cited at least once by 30% (14) of the most similar biologists.
30 papers were cited at least once by 40% (18) of the most similar biologists.
9 papers were cited at least once by 50% (23) of the most similar biologists.
2 papers were cited at least once by 60% (28) of the most similar biologists.
1 paper was cited at least once by 70% (32) of the most similar biologists.
0 papers were cited at least once by 80% (37) of the most similar biologists.
0 papers were cited at least once by 90% (41) of the most similar biologists.
0 papers were cited at least once by 100% (46) of the most similar biologists.
